Build started 5/8/2019 1:53:19 PM.
     1>Project "E:\Logic Buliding\Class Progarm\Swapping\Swapping\Swapping.vcxproj" on node 2 (build target(s)).
     1>InitializeBuildStatus:
         Creating "Debug\Swapping.unsuccessfulbuild" because "AlwaysCreate" was specified.
       ClCompile:
         All outputs are up-to-date.
       ManifestResourceCompile:
         All outputs are up-to-date.
       Link:
         C:\Program Files (x86)\Microsoft Visual Studio 10.0\VC\bin\link.exe /ERRORREPORT:PROMPT /OUT:"E:\Logic Buliding\Class Progarm\Swapping\Debug\Swapping.exe" /INCREMENTAL /NOLOGO kernel32.lib user32.lib gdi32.lib winspool.lib comdlg32.lib advapi32.lib shell32.lib ole32.lib oleaut32.lib uuid.lib odbc32.lib odbccp32.lib /MANIFEST /ManifestFile:"Debug\Swapping.exe.intermediate.manifest" /MANIFESTUAC:"level='asInvoker' uiAccess='false'" /DEBUG /PDB:"E:\Logic Buliding\Class Progarm\Swapping\Debug\Swapping.pdb" /SUBSYSTEM:CONSOLE /TLBID:1 /DYNAMICBASE /NXCOMPAT /IMPLIB:"E:\Logic Buliding\Class Progarm\Swapping\Debug\Swapping.lib" /MACHINE:X86 Debug\Swapping.exe.embed.manifest.res
         Debug\EntryPoint.obj
       Manifest:
         C:\Program Files (x86)\Microsoft SDKs\Windows\v7.0A\bin\mt.exe /nologo /verbose /out:"Debug\Swapping.exe.embed.manifest" /manifest Debug\Swapping.exe.intermediate.manifest
         All outputs are up-to-date.
       LinkEmbedManifest:
         All outputs are up-to-date.
         Swapping.vcxproj -> E:\Logic Buliding\Class Progarm\Swapping\Debug\Swapping.exe
       FinalizeBuildStatus:
         Deleting file "Debug\Swapping.unsuccessfulbuild".
         Touching "Debug\Swapping.lastbuildstate".
     1>Done Building Project "E:\Logic Buliding\Class Progarm\Swapping\Swapping\Swapping.vcxproj" (build target(s)).

Build succeeded.

Time Elapsed 00:00:00.46
